{"timestamp":"2025-08-10T19:56:41.049205","level":"info","event":"Filling up the DagBag from /opt/airflow/dags/process_kindle_reviews_dag.py","logger":"airflow.models.dagbag.DagBag"}
{"timestamp":"2025-08-10T19:57:46.125078","level":"info","event":"Filling up the DagBag from /opt/airflow/dags/process_kindle_reviews_dag.py","logger":"airflow.models.dagbag.DagBag"}
{"timestamp":"2025-08-10T19:58:18.818265","level":"info","event":"Filling up the DagBag from /opt/airflow/dags/process_kindle_reviews_dag.py","logger":"airflow.models.dagbag.DagBag"}
{"timestamp":"2025-08-10T19:59:03.676938","level":"info","event":"Filling up the DagBag from /opt/airflow/dags/process_kindle_reviews_dag.py","logger":"airflow.models.dagbag.DagBag"}
{"timestamp":"2025-08-10T19:59:38.961590","level":"info","event":"Filling up the DagBag from /opt/airflow/dags/process_kindle_reviews_dag.py","logger":"airflow.models.dagbag.DagBag"}
{"timestamp":"2025-08-10T20:00:09.839950","level":"info","event":"Filling up the DagBag from /opt/airflow/dags/process_kindle_reviews_dag.py","logger":"airflow.models.dagbag.DagBag"}
{"timestamp":"2025-08-10T20:00:40.249168","level":"info","event":"Filling up the DagBag from /opt/airflow/dags/process_kindle_reviews_dag.py","logger":"airflow.models.dagbag.DagBag"}
{"timestamp":"2025-08-10T20:01:11.665254","level":"info","event":"Filling up the DagBag from /opt/airflow/dags/process_kindle_reviews_dag.py","logger":"airflow.models.dagbag.DagBag"}
{"timestamp":"2025-08-10T20:01:43.952450","level":"info","event":"Filling up the DagBag from /opt/airflow/dags/process_kindle_reviews_dag.py","logger":"airflow.models.dagbag.DagBag"}
{"timestamp":"2025-08-10T20:02:21.793148","level":"info","event":"Filling up the DagBag from /opt/airflow/dags/process_kindle_reviews_dag.py","logger":"airflow.models.dagbag.DagBag"}
{"timestamp":"2025-08-10T20:02:54.264087","level":"info","event":"Filling up the DagBag from /opt/airflow/dags/process_kindle_reviews_dag.py","logger":"airflow.models.dagbag.DagBag"}
{"timestamp":"2025-08-10T20:03:26.856849","level":"info","event":"Filling up the DagBag from /opt/airflow/dags/process_kindle_reviews_dag.py","logger":"airflow.models.dagbag.DagBag"}
{"timestamp":"2025-08-10T20:03:57.983533","level":"info","event":"Filling up the DagBag from /opt/airflow/dags/process_kindle_reviews_dag.py","logger":"airflow.models.dagbag.DagBag"}
{"timestamp":"2025-08-10T20:04:44.120544","level":"info","event":"Filling up the DagBag from /opt/airflow/dags/process_kindle_reviews_dag.py","logger":"airflow.models.dagbag.DagBag"}
{"timestamp":"2025-08-10T20:05:14.818896","level":"info","event":"Filling up the DagBag from /opt/airflow/dags/process_kindle_reviews_dag.py","logger":"airflow.models.dagbag.DagBag"}
{"timestamp":"2025-08-10T20:05:45.976524","level":"info","event":"Filling up the DagBag from /opt/airflow/dags/process_kindle_reviews_dag.py","logger":"airflow.models.dagbag.DagBag"}
{"timestamp":"2025-08-10T20:06:16.523263","level":"info","event":"Filling up the DagBag from /opt/airflow/dags/process_kindle_reviews_dag.py","logger":"airflow.models.dagbag.DagBag"}
{"timestamp":"2025-08-10T20:06:48.336707","level":"info","event":"Filling up the DagBag from /opt/airflow/dags/process_kindle_reviews_dag.py","logger":"airflow.models.dagbag.DagBag"}
{"timestamp":"2025-08-10T20:07:19.427891","level":"info","event":"Filling up the DagBag from /opt/airflow/dags/process_kindle_reviews_dag.py","logger":"airflow.models.dagbag.DagBag"}
{"timestamp":"2025-08-10T20:08:03.543036","level":"info","event":"Filling up the DagBag from /opt/airflow/dags/process_kindle_reviews_dag.py","logger":"airflow.models.dagbag.DagBag"}
{"timestamp":"2025-08-10T20:08:34.552152","level":"info","event":"Filling up the DagBag from /opt/airflow/dags/process_kindle_reviews_dag.py","logger":"airflow.models.dagbag.DagBag"}
{"timestamp":"2025-08-10T20:09:05.024793","level":"info","event":"Filling up the DagBag from /opt/airflow/dags/process_kindle_reviews_dag.py","logger":"airflow.models.dagbag.DagBag"}
{"timestamp":"2025-08-10T20:09:36.267806","level":"info","event":"Filling up the DagBag from /opt/airflow/dags/process_kindle_reviews_dag.py","logger":"airflow.models.dagbag.DagBag"}
{"timestamp":"2025-08-10T20:10:06.731858","level":"info","event":"Filling up the DagBag from /opt/airflow/dags/process_kindle_reviews_dag.py","logger":"airflow.models.dagbag.DagBag"}
{"timestamp":"2025-08-10T20:10:38.005876","level":"info","event":"Filling up the DagBag from /opt/airflow/dags/process_kindle_reviews_dag.py","logger":"airflow.models.dagbag.DagBag"}
{"timestamp":"2025-08-10T20:11:08.693368","level":"info","event":"Filling up the DagBag from /opt/airflow/dags/process_kindle_reviews_dag.py","logger":"airflow.models.dagbag.DagBag"}
{"timestamp":"2025-08-10T20:11:39.159692","level":"info","event":"Filling up the DagBag from /opt/airflow/dags/process_kindle_reviews_dag.py","logger":"airflow.models.dagbag.DagBag"}
{"timestamp":"2025-08-10T20:12:09.802682","level":"info","event":"Filling up the DagBag from /opt/airflow/dags/process_kindle_reviews_dag.py","logger":"airflow.models.dagbag.DagBag"}
{"timestamp":"2025-08-10T20:12:54.125228","level":"info","event":"Filling up the DagBag from /opt/airflow/dags/process_kindle_reviews_dag.py","logger":"airflow.models.dagbag.DagBag"}
{"timestamp":"2025-08-10T20:13:25.293785","level":"info","event":"Filling up the DagBag from /opt/airflow/dags/process_kindle_reviews_dag.py","logger":"airflow.models.dagbag.DagBag"}
{"timestamp":"2025-08-10T20:14:01.857414","level":"info","event":"Filling up the DagBag from /opt/airflow/dags/process_kindle_reviews_dag.py","logger":"airflow.models.dagbag.DagBag"}
{"timestamp":"2025-08-10T20:14:32.689834","level":"info","event":"Filling up the DagBag from /opt/airflow/dags/process_kindle_reviews_dag.py","logger":"airflow.models.dagbag.DagBag"}
{"timestamp":"2025-08-10T20:15:17.096959","level":"info","event":"Filling up the DagBag from /opt/airflow/dags/process_kindle_reviews_dag.py","logger":"airflow.models.dagbag.DagBag"}
{"timestamp":"2025-08-10T20:15:47.988893","level":"info","event":"Filling up the DagBag from /opt/airflow/dags/process_kindle_reviews_dag.py","logger":"airflow.models.dagbag.DagBag"}
{"timestamp":"2025-08-10T20:17:20.104715","level":"info","event":"Filling up the DagBag from /opt/airflow/dags/process_kindle_reviews_dag.py","logger":"airflow.models.dagbag.DagBag"}
{"timestamp":"2025-08-10T20:17:51.429266","level":"info","event":"Filling up the DagBag from /opt/airflow/dags/process_kindle_reviews_dag.py","logger":"airflow.models.dagbag.DagBag"}
{"timestamp":"2025-08-10T20:18:40.976679","level":"info","event":"Filling up the DagBag from /opt/airflow/dags/process_kindle_reviews_dag.py","logger":"airflow.models.dagbag.DagBag"}
{"timestamp":"2025-08-10T20:19:11.860964","level":"info","event":"Filling up the DagBag from /opt/airflow/dags/process_kindle_reviews_dag.py","logger":"airflow.models.dagbag.DagBag"}
{"timestamp":"2025-08-10T20:19:42.299923","level":"info","event":"Filling up the DagBag from /opt/airflow/dags/process_kindle_reviews_dag.py","logger":"airflow.models.dagbag.DagBag"}
{"timestamp":"2025-08-10T20:20:13.163903","level":"info","event":"Filling up the DagBag from /opt/airflow/dags/process_kindle_reviews_dag.py","logger":"airflow.models.dagbag.DagBag"}
{"timestamp":"2025-08-10T20:20:44.365749","level":"info","event":"Filling up the DagBag from /opt/airflow/dags/process_kindle_reviews_dag.py","logger":"airflow.models.dagbag.DagBag"}
{"timestamp":"2025-08-10T20:21:14.825346","level":"info","event":"Filling up the DagBag from /opt/airflow/dags/process_kindle_reviews_dag.py","logger":"airflow.models.dagbag.DagBag"}
{"timestamp":"2025-08-10T20:21:45.728759","level":"info","event":"Filling up the DagBag from /opt/airflow/dags/process_kindle_reviews_dag.py","logger":"airflow.models.dagbag.DagBag"}
{"timestamp":"2025-08-10T20:22:18.521719","level":"info","event":"Filling up the DagBag from /opt/airflow/dags/process_kindle_reviews_dag.py","logger":"airflow.models.dagbag.DagBag"}
{"timestamp":"2025-08-10T20:22:51.442065","level":"info","event":"Filling up the DagBag from /opt/airflow/dags/process_kindle_reviews_dag.py","logger":"airflow.models.dagbag.DagBag"}
{"timestamp":"2025-08-10T20:23:22.397218","level":"info","event":"Filling up the DagBag from /opt/airflow/dags/process_kindle_reviews_dag.py","logger":"airflow.models.dagbag.DagBag"}
{"timestamp":"2025-08-10T20:23:53.800450","level":"info","event":"Filling up the DagBag from /opt/airflow/dags/process_kindle_reviews_dag.py","logger":"airflow.models.dagbag.DagBag"}
{"timestamp":"2025-08-10T20:24:24.244073","level":"info","event":"Filling up the DagBag from /opt/airflow/dags/process_kindle_reviews_dag.py","logger":"airflow.models.dagbag.DagBag"}
{"timestamp":"2025-08-10T20:24:55.986105","level":"info","event":"Filling up the DagBag from /opt/airflow/dags/process_kindle_reviews_dag.py","logger":"airflow.models.dagbag.DagBag"}
{"timestamp":"2025-08-10T20:25:27.066967","level":"info","event":"Filling up the DagBag from /opt/airflow/dags/process_kindle_reviews_dag.py","logger":"airflow.models.dagbag.DagBag"}
{"timestamp":"2025-08-10T20:25:57.862061","level":"info","event":"Filling up the DagBag from /opt/airflow/dags/process_kindle_reviews_dag.py","logger":"airflow.models.dagbag.DagBag"}
{"timestamp":"2025-08-10T20:26:40.576298","level":"info","event":"Filling up the DagBag from /opt/airflow/dags/process_kindle_reviews_dag.py","logger":"airflow.models.dagbag.DagBag"}
{"timestamp":"2025-08-10T20:27:15.506956","level":"info","event":"Filling up the DagBag from /opt/airflow/dags/process_kindle_reviews_dag.py","logger":"airflow.models.dagbag.DagBag"}
{"timestamp":"2025-08-10T20:27:16.403497Z","level":"critical","event":"Process terminated by signal. For more information, see https://airflow.apache.org/docs/apache-airflow/stable/troubleshooting.html#TaskRunner-killed","signal":-9,"signal_name":"SIGKILL","logger":"processor"}
{"timestamp":"2025-08-10T20:28:58.275758","level":"info","event":"Filling up the DagBag from /opt/airflow/dags/process_kindle_reviews_dag.py","logger":"airflow.models.dagbag.DagBag"}
{"timestamp":"2025-08-10T20:29:29.898421","level":"info","event":"Filling up the DagBag from /opt/airflow/dags/process_kindle_reviews_dag.py","logger":"airflow.models.dagbag.DagBag"}
{"timestamp":"2025-08-10T20:30:26.966851","level":"info","event":"Filling up the DagBag from /opt/airflow/dags/process_kindle_reviews_dag.py","logger":"airflow.models.dagbag.DagBag"}
{"timestamp":"2025-08-10T20:30:58.166664","level":"info","event":"Filling up the DagBag from /opt/airflow/dags/process_kindle_reviews_dag.py","logger":"airflow.models.dagbag.DagBag"}
{"timestamp":"2025-08-10T20:33:03.200363","level":"info","event":"Filling up the DagBag from /opt/airflow/dags/process_kindle_reviews_dag.py","logger":"airflow.models.dagbag.DagBag"}
{"timestamp":"2025-08-10T20:33:34.925431","level":"info","event":"Filling up the DagBag from /opt/airflow/dags/process_kindle_reviews_dag.py","logger":"airflow.models.dagbag.DagBag"}
{"timestamp":"2025-08-10T20:34:05.455677","level":"info","event":"Filling up the DagBag from /opt/airflow/dags/process_kindle_reviews_dag.py","logger":"airflow.models.dagbag.DagBag"}
{"timestamp":"2025-08-10T20:34:36.256258","level":"info","event":"Filling up the DagBag from /opt/airflow/dags/process_kindle_reviews_dag.py","logger":"airflow.models.dagbag.DagBag"}
{"timestamp":"2025-08-10T20:35:06.709918","level":"info","event":"Filling up the DagBag from /opt/airflow/dags/process_kindle_reviews_dag.py","logger":"airflow.models.dagbag.DagBag"}
{"timestamp":"2025-08-10T20:35:37.574753","level":"info","event":"Filling up the DagBag from /opt/airflow/dags/process_kindle_reviews_dag.py","logger":"airflow.models.dagbag.DagBag"}
{"timestamp":"2025-08-10T20:36:08.346069","level":"info","event":"Filling up the DagBag from /opt/airflow/dags/process_kindle_reviews_dag.py","logger":"airflow.models.dagbag.DagBag"}
{"timestamp":"2025-08-10T20:36:39.015703","level":"info","event":"Filling up the DagBag from /opt/airflow/dags/process_kindle_reviews_dag.py","logger":"airflow.models.dagbag.DagBag"}
{"timestamp":"2025-08-10T20:37:09.465124","level":"info","event":"Filling up the DagBag from /opt/airflow/dags/process_kindle_reviews_dag.py","logger":"airflow.models.dagbag.DagBag"}
{"timestamp":"2025-08-10T20:37:40.328677","level":"info","event":"Filling up the DagBag from /opt/airflow/dags/process_kindle_reviews_dag.py","logger":"airflow.models.dagbag.DagBag"}
{"timestamp":"2025-08-10T20:38:10.802251","level":"info","event":"Filling up the DagBag from /opt/airflow/dags/process_kindle_reviews_dag.py","logger":"airflow.models.dagbag.DagBag"}
{"timestamp":"2025-08-10T20:38:41.775724","level":"info","event":"Filling up the DagBag from /opt/airflow/dags/process_kindle_reviews_dag.py","logger":"airflow.models.dagbag.DagBag"}
{"timestamp":"2025-08-10T20:39:17.920581","level":"info","event":"Filling up the DagBag from /opt/airflow/dags/process_kindle_reviews_dag.py","logger":"airflow.models.dagbag.DagBag"}
{"timestamp":"2025-08-10T20:39:49.233536","level":"info","event":"Filling up the DagBag from /opt/airflow/dags/process_kindle_reviews_dag.py","logger":"airflow.models.dagbag.DagBag"}
{"timestamp":"2025-08-10T20:40:20.411349","level":"info","event":"Filling up the DagBag from /opt/airflow/dags/process_kindle_reviews_dag.py","logger":"airflow.models.dagbag.DagBag"}
{"timestamp":"2025-08-10T20:40:51.992982","level":"info","event":"Filling up the DagBag from /opt/airflow/dags/process_kindle_reviews_dag.py","logger":"airflow.models.dagbag.DagBag"}
{"timestamp":"2025-08-10T20:41:23.750350","level":"info","event":"Filling up the DagBag from /opt/airflow/dags/process_kindle_reviews_dag.py","logger":"airflow.models.dagbag.DagBag"}
{"timestamp":"2025-08-10T20:41:54.543658","level":"info","event":"Filling up the DagBag from /opt/airflow/dags/process_kindle_reviews_dag.py","logger":"airflow.models.dagbag.DagBag"}
{"timestamp":"2025-08-10T20:42:25.055835","level":"info","event":"Filling up the DagBag from /opt/airflow/dags/process_kindle_reviews_dag.py","logger":"airflow.models.dagbag.DagBag"}
{"timestamp":"2025-08-10T20:42:55.644961","level":"info","event":"Filling up the DagBag from /opt/airflow/dags/process_kindle_reviews_dag.py","logger":"airflow.models.dagbag.DagBag"}
{"timestamp":"2025-08-10T20:43:26.190040","level":"info","event":"Filling up the DagBag from /opt/airflow/dags/process_kindle_reviews_dag.py","logger":"airflow.models.dagbag.DagBag"}
{"timestamp":"2025-08-10T20:43:56.829915","level":"info","event":"Filling up the DagBag from /opt/airflow/dags/process_kindle_reviews_dag.py","logger":"airflow.models.dagbag.DagBag"}
{"timestamp":"2025-08-10T20:44:27.538045","level":"info","event":"Filling up the DagBag from /opt/airflow/dags/process_kindle_reviews_dag.py","logger":"airflow.models.dagbag.DagBag"}
{"timestamp":"2025-08-10T20:44:58.215013","level":"info","event":"Filling up the DagBag from /opt/airflow/dags/process_kindle_reviews_dag.py","logger":"airflow.models.dagbag.DagBag"}
{"timestamp":"2025-08-10T20:45:28.800938","level":"info","event":"Filling up the DagBag from /opt/airflow/dags/process_kindle_reviews_dag.py","logger":"airflow.models.dagbag.DagBag"}
{"timestamp":"2025-08-10T20:45:59.932481","level":"info","event":"Filling up the DagBag from /opt/airflow/dags/process_kindle_reviews_dag.py","logger":"airflow.models.dagbag.DagBag"}
{"timestamp":"2025-08-10T20:46:30.573136","level":"info","event":"Filling up the DagBag from /opt/airflow/dags/process_kindle_reviews_dag.py","logger":"airflow.models.dagbag.DagBag"}
{"timestamp":"2025-08-10T20:47:01.137022","level":"info","event":"Filling up the DagBag from /opt/airflow/dags/process_kindle_reviews_dag.py","logger":"airflow.models.dagbag.DagBag"}
{"timestamp":"2025-08-10T20:47:32.457911","level":"info","event":"Filling up the DagBag from /opt/airflow/dags/process_kindle_reviews_dag.py","logger":"airflow.models.dagbag.DagBag"}
{"timestamp":"2025-08-10T20:48:03.281579","level":"info","event":"Filling up the DagBag from /opt/airflow/dags/process_kindle_reviews_dag.py","logger":"airflow.models.dagbag.DagBag"}
{"timestamp":"2025-08-10T20:48:34.060035","level":"info","event":"Filling up the DagBag from /opt/airflow/dags/process_kindle_reviews_dag.py","logger":"airflow.models.dagbag.DagBag"}
{"timestamp":"2025-08-10T20:49:04.552049","level":"info","event":"Filling up the DagBag from /opt/airflow/dags/process_kindle_reviews_dag.py","logger":"airflow.models.dagbag.DagBag"}
{"timestamp":"2025-08-10T20:49:35.007297","level":"info","event":"Filling up the DagBag from /opt/airflow/dags/process_kindle_reviews_dag.py","logger":"airflow.models.dagbag.DagBag"}
{"timestamp":"2025-08-10T20:50:05.664176","level":"info","event":"Filling up the DagBag from /opt/airflow/dags/process_kindle_reviews_dag.py","logger":"airflow.models.dagbag.DagBag"}
{"timestamp":"2025-08-10T20:50:36.809462","level":"info","event":"Filling up the DagBag from /opt/airflow/dags/process_kindle_reviews_dag.py","logger":"airflow.models.dagbag.DagBag"}
{"timestamp":"2025-08-10T20:51:08.042035","level":"info","event":"Filling up the DagBag from /opt/airflow/dags/process_kindle_reviews_dag.py","logger":"airflow.models.dagbag.DagBag"}
{"timestamp":"2025-08-10T20:51:38.874947","level":"info","event":"Filling up the DagBag from /opt/airflow/dags/process_kindle_reviews_dag.py","logger":"airflow.models.dagbag.DagBag"}
{"timestamp":"2025-08-10T20:52:09.665388","level":"info","event":"Filling up the DagBag from /opt/airflow/dags/process_kindle_reviews_dag.py","logger":"airflow.models.dagbag.DagBag"}
{"timestamp":"2025-08-10T20:52:40.308578","level":"info","event":"Filling up the DagBag from /opt/airflow/dags/process_kindle_reviews_dag.py","logger":"airflow.models.dagbag.DagBag"}
{"timestamp":"2025-08-10T20:53:11.194998","level":"info","event":"Filling up the DagBag from /opt/airflow/dags/process_kindle_reviews_dag.py","logger":"airflow.models.dagbag.DagBag"}
{"timestamp":"2025-08-10T20:53:43.182734","level":"info","event":"Filling up the DagBag from /opt/airflow/dags/process_kindle_reviews_dag.py","logger":"airflow.models.dagbag.DagBag"}
{"timestamp":"2025-08-10T20:54:14.348371","level":"info","event":"Filling up the DagBag from /opt/airflow/dags/process_kindle_reviews_dag.py","logger":"airflow.models.dagbag.DagBag"}
{"timestamp":"2025-08-10T20:54:45.066528","level":"info","event":"Filling up the DagBag from /opt/airflow/dags/process_kindle_reviews_dag.py","logger":"airflow.models.dagbag.DagBag"}
{"timestamp":"2025-08-10T20:55:15.497828","level":"info","event":"Filling up the DagBag from /opt/airflow/dags/process_kindle_reviews_dag.py","logger":"airflow.models.dagbag.DagBag"}
{"timestamp":"2025-08-10T20:55:46.027572","level":"info","event":"Filling up the DagBag from /opt/airflow/dags/process_kindle_reviews_dag.py","logger":"airflow.models.dagbag.DagBag"}
{"timestamp":"2025-08-10T20:56:16.956942","level":"info","event":"Filling up the DagBag from /opt/airflow/dags/process_kindle_reviews_dag.py","logger":"airflow.models.dagbag.DagBag"}
{"timestamp":"2025-08-10T20:56:47.496498","level":"info","event":"Filling up the DagBag from /opt/airflow/dags/process_kindle_reviews_dag.py","logger":"airflow.models.dagbag.DagBag"}
{"timestamp":"2025-08-10T20:57:18.034474","level":"info","event":"Filling up the DagBag from /opt/airflow/dags/process_kindle_reviews_dag.py","logger":"airflow.models.dagbag.DagBag"}
{"timestamp":"2025-08-10T20:57:48.704690","level":"info","event":"Filling up the DagBag from /opt/airflow/dags/process_kindle_reviews_dag.py","logger":"airflow.models.dagbag.DagBag"}
{"timestamp":"2025-08-10T20:58:20.362461","level":"info","event":"Filling up the DagBag from /opt/airflow/dags/process_kindle_reviews_dag.py","logger":"airflow.models.dagbag.DagBag"}
{"timestamp":"2025-08-10T20:58:52.237641","level":"info","event":"Filling up the DagBag from /opt/airflow/dags/process_kindle_reviews_dag.py","logger":"airflow.models.dagbag.DagBag"}
{"timestamp":"2025-08-10T20:59:23.523508","level":"info","event":"Filling up the DagBag from /opt/airflow/dags/process_kindle_reviews_dag.py","logger":"airflow.models.dagbag.DagBag"}
{"timestamp":"2025-08-10T20:59:54.100559","level":"info","event":"Filling up the DagBag from /opt/airflow/dags/process_kindle_reviews_dag.py","logger":"airflow.models.dagbag.DagBag"}
{"timestamp":"2025-08-10T21:00:24.676076","level":"info","event":"Filling up the DagBag from /opt/airflow/dags/process_kindle_reviews_dag.py","logger":"airflow.models.dagbag.DagBag"}
{"timestamp":"2025-08-10T21:00:56.655838","level":"info","event":"Filling up the DagBag from /opt/airflow/dags/process_kindle_reviews_dag.py","logger":"airflow.models.dagbag.DagBag"}
{"timestamp":"2025-08-10T21:01:28.015763","level":"info","event":"Filling up the DagBag from /opt/airflow/dags/process_kindle_reviews_dag.py","logger":"airflow.models.dagbag.DagBag"}
{"timestamp":"2025-08-10T21:01:58.679267","level":"info","event":"Filling up the DagBag from /opt/airflow/dags/process_kindle_reviews_dag.py","logger":"airflow.models.dagbag.DagBag"}
{"timestamp":"2025-08-10T21:02:29.379866","level":"info","event":"Filling up the DagBag from /opt/airflow/dags/process_kindle_reviews_dag.py","logger":"airflow.models.dagbag.DagBag"}
{"timestamp":"2025-08-10T21:02:59.983718","level":"info","event":"Filling up the DagBag from /opt/airflow/dags/process_kindle_reviews_dag.py","logger":"airflow.models.dagbag.DagBag"}
{"timestamp":"2025-08-10T21:03:31.001424","level":"info","event":"Filling up the DagBag from /opt/airflow/dags/process_kindle_reviews_dag.py","logger":"airflow.models.dagbag.DagBag"}
{"timestamp":"2025-08-10T21:04:02.121582","level":"info","event":"Filling up the DagBag from /opt/airflow/dags/process_kindle_reviews_dag.py","logger":"airflow.models.dagbag.DagBag"}
{"timestamp":"2025-08-10T21:04:33.475808","level":"info","event":"Filling up the DagBag from /opt/airflow/dags/process_kindle_reviews_dag.py","logger":"airflow.models.dagbag.DagBag"}
{"timestamp":"2025-08-10T21:05:04.118496","level":"info","event":"Filling up the DagBag from /opt/airflow/dags/process_kindle_reviews_dag.py","logger":"airflow.models.dagbag.DagBag"}
{"timestamp":"2025-08-10T21:05:34.609949","level":"info","event":"Filling up the DagBag from /opt/airflow/dags/process_kindle_reviews_dag.py","logger":"airflow.models.dagbag.DagBag"}
{"timestamp":"2025-08-10T21:07:46.618787","level":"info","event":"Filling up the DagBag from /opt/airflow/dags/process_kindle_reviews_dag.py","logger":"airflow.models.dagbag.DagBag"}
{"timestamp":"2025-08-10T21:08:36.666363","level":"info","event":"Filling up the DagBag from /opt/airflow/dags/process_kindle_reviews_dag.py","logger":"airflow.models.dagbag.DagBag"}
{"timestamp":"2025-08-10T21:09:08.350734","level":"info","event":"Filling up the DagBag from /opt/airflow/dags/process_kindle_reviews_dag.py","logger":"airflow.models.dagbag.DagBag"}
{"timestamp":"2025-08-10T21:09:42.134289","level":"info","event":"Filling up the DagBag from /opt/airflow/dags/process_kindle_reviews_dag.py","logger":"airflow.models.dagbag.DagBag"}
{"timestamp":"2025-08-10T21:10:13.287190","level":"info","event":"Filling up the DagBag from /opt/airflow/dags/process_kindle_reviews_dag.py","logger":"airflow.models.dagbag.DagBag"}
{"timestamp":"2025-08-10T21:11:52.702158","level":"info","event":"Filling up the DagBag from /opt/airflow/dags/process_kindle_reviews_dag.py","logger":"airflow.models.dagbag.DagBag"}
{"timestamp":"2025-08-10T21:12:24.076005","level":"info","event":"Filling up the DagBag from /opt/airflow/dags/process_kindle_reviews_dag.py","logger":"airflow.models.dagbag.DagBag"}
{"timestamp":"2025-08-10T21:12:54.891006","level":"info","event":"Filling up the DagBag from /opt/airflow/dags/process_kindle_reviews_dag.py","logger":"airflow.models.dagbag.DagBag"}
{"timestamp":"2025-08-10T21:13:37.308831","level":"info","event":"Filling up the DagBag from /opt/airflow/dags/process_kindle_reviews_dag.py","logger":"airflow.models.dagbag.DagBag"}
{"timestamp":"2025-08-10T21:14:08.784279","level":"info","event":"Filling up the DagBag from /opt/airflow/dags/process_kindle_reviews_dag.py","logger":"airflow.models.dagbag.DagBag"}
{"timestamp":"2025-08-10T21:14:40.948612","level":"info","event":"Filling up the DagBag from /opt/airflow/dags/process_kindle_reviews_dag.py","logger":"airflow.models.dagbag.DagBag"}
{"timestamp":"2025-08-10T21:15:12.007293","level":"info","event":"Filling up the DagBag from /opt/airflow/dags/process_kindle_reviews_dag.py","logger":"airflow.models.dagbag.DagBag"}
{"timestamp":"2025-08-10T21:15:57.100318","level":"info","event":"Filling up the DagBag from /opt/airflow/dags/process_kindle_reviews_dag.py","logger":"airflow.models.dagbag.DagBag"}
{"timestamp":"2025-08-10T21:16:28.860921","level":"info","event":"Filling up the DagBag from /opt/airflow/dags/process_kindle_reviews_dag.py","logger":"airflow.models.dagbag.DagBag"}
{"timestamp":"2025-08-10T21:17:30.073483","level":"info","event":"Filling up the DagBag from /opt/airflow/dags/process_kindle_reviews_dag.py","logger":"airflow.models.dagbag.DagBag"}
{"timestamp":"2025-08-10T21:18:42.102401","level":"info","event":"Filling up the DagBag from /opt/airflow/dags/process_kindle_reviews_dag.py","logger":"airflow.models.dagbag.DagBag"}
{"timestamp":"2025-08-10T21:19:23.061730","level":"info","event":"Filling up the DagBag from /opt/airflow/dags/process_kindle_reviews_dag.py","logger":"airflow.models.dagbag.DagBag"}
{"timestamp":"2025-08-10T21:19:53.976308","level":"info","event":"Filling up the DagBag from /opt/airflow/dags/process_kindle_reviews_dag.py","logger":"airflow.models.dagbag.DagBag"}
{"timestamp":"2025-08-10T21:20:26.747795","level":"info","event":"Filling up the DagBag from /opt/airflow/dags/process_kindle_reviews_dag.py","logger":"airflow.models.dagbag.DagBag"}
{"timestamp":"2025-08-10T21:20:58.295479","level":"info","event":"Filling up the DagBag from /opt/airflow/dags/process_kindle_reviews_dag.py","logger":"airflow.models.dagbag.DagBag"}
{"timestamp":"2025-08-10T21:21:41.099709","level":"info","event":"Filling up the DagBag from /opt/airflow/dags/process_kindle_reviews_dag.py","logger":"airflow.models.dagbag.DagBag"}
{"timestamp":"2025-08-10T21:22:20.370929","level":"info","event":"Filling up the DagBag from /opt/airflow/dags/process_kindle_reviews_dag.py","logger":"airflow.models.dagbag.DagBag"}
{"timestamp":"2025-08-10T21:22:52.052690","level":"info","event":"Filling up the DagBag from /opt/airflow/dags/process_kindle_reviews_dag.py","logger":"airflow.models.dagbag.DagBag"}
{"timestamp":"2025-08-10T21:24:30.822234","level":"info","event":"Filling up the DagBag from /opt/airflow/dags/process_kindle_reviews_dag.py","logger":"airflow.models.dagbag.DagBag"}
{"timestamp":"2025-08-10T21:25:02.135648","level":"info","event":"Filling up the DagBag from /opt/airflow/dags/process_kindle_reviews_dag.py","logger":"airflow.models.dagbag.DagBag"}
{"timestamp":"2025-08-10T21:27:03.517497","level":"info","event":"Filling up the DagBag from /opt/airflow/dags/process_kindle_reviews_dag.py","logger":"airflow.models.dagbag.DagBag"}
{"timestamp":"2025-08-10T21:28:01.894955","level":"info","event":"Filling up the DagBag from /opt/airflow/dags/process_kindle_reviews_dag.py","logger":"airflow.models.dagbag.DagBag"}
{"timestamp":"2025-08-10T21:28:32.801147","level":"info","event":"Filling up the DagBag from /opt/airflow/dags/process_kindle_reviews_dag.py","logger":"airflow.models.dagbag.DagBag"}
{"timestamp":"2025-08-10T21:29:03.627527","level":"info","event":"Filling up the DagBag from /opt/airflow/dags/process_kindle_reviews_dag.py","logger":"airflow.models.dagbag.DagBag"}
{"timestamp":"2025-08-10T21:30:07.074616","level":"info","event":"Filling up the DagBag from /opt/airflow/dags/process_kindle_reviews_dag.py","logger":"airflow.models.dagbag.DagBag"}
{"timestamp":"2025-08-10T21:30:47.217750","level":"info","event":"Filling up the DagBag from /opt/airflow/dags/process_kindle_reviews_dag.py","logger":"airflow.models.dagbag.DagBag"}
{"timestamp":"2025-08-10T21:31:20.582765","level":"info","event":"Filling up the DagBag from /opt/airflow/dags/process_kindle_reviews_dag.py","logger":"airflow.models.dagbag.DagBag"}
{"timestamp":"2025-08-10T21:31:51.790780","level":"info","event":"Filling up the DagBag from /opt/airflow/dags/process_kindle_reviews_dag.py","logger":"airflow.models.dagbag.DagBag"}
{"timestamp":"2025-08-10T21:32:28.769959","level":"info","event":"Filling up the DagBag from /opt/airflow/dags/process_kindle_reviews_dag.py","logger":"airflow.models.dagbag.DagBag"}
{"timestamp":"2025-08-10T21:33:31.878070","level":"info","event":"Filling up the DagBag from /opt/airflow/dags/process_kindle_reviews_dag.py","logger":"airflow.models.dagbag.DagBag"}
{"timestamp":"2025-08-10T21:34:03.418579","level":"info","event":"Filling up the DagBag from /opt/airflow/dags/process_kindle_reviews_dag.py","logger":"airflow.models.dagbag.DagBag"}
{"timestamp":"2025-08-10T21:34:45.637881","level":"info","event":"Filling up the DagBag from /opt/airflow/dags/process_kindle_reviews_dag.py","logger":"airflow.models.dagbag.DagBag"}
{"timestamp":"2025-08-10T21:35:19.295243","level":"error","event":"Process timed out, PID: 1638","logger":"airflow.utils.timeout.TimeoutPosix"}
{"timestamp":"2025-08-10T21:35:19.333479","level":"error","event":"Failed to import: /opt/airflow/dags/process_kindle_reviews_dag.py","logger":"airflow.models.dagbag.DagBag","error_detail":[{"exc_type":"AirflowTaskTimeout","exc_value":"DagBag import timeout for /opt/airflow/dags/process_kindle_reviews_dag.py after 30.0s.\nPlease take a look at these docs to improve your DAG import time:\n* https://airflow.apache.org/docs/apache-airflow/3.0.1/best-practices.html#top-level-python-code\n* https://airflow.apache.org/docs/apache-airflow/3.0.1/best-practices.html#reducing-dag-complexity, PID: 1638","exc_notes":[],"syntax_error":null,"is_cause":false,"frames":[{"filename":"/home/airflow/.local/lib/python3.12/site-packages/airflow/models/dagbag.py","lineno":382,"name":"parse"},{"filename":"<frozen importlib._bootstrap_external>","lineno":999,"name":"exec_module"},{"filename":"<frozen importlib._bootstrap>","lineno":488,"name":"_call_with_frames_removed"},{"filename":"/opt/airflow/dags/process_kindle_reviews_dag.py","lineno":4,"name":"<module>"},{"filename":"/home/airflow/.local/lib/python3.12/site-packages/airflow/providers/docker/operators/docker.py","lineno":32,"name":"<module>"},{"filename":"/home/airflow/.local/lib/python3.12/site-packages/docker/__init__.py","lineno":1,"name":"<module>"},{"filename":"/home/airflow/.local/lib/python3.12/site-packages/docker/api/__init__.py","lineno":1,"name":"<module>"},{"filename":"/home/airflow/.local/lib/python3.12/site-packages/docker/api/client.py","lineno":28,"name":"<module>"},{"filename":"/home/airflow/.local/lib/python3.12/site-packages/docker/transport/__init__.py","lineno":10,"name":"<module>"},{"filename":"/home/airflow/.local/lib/python3.12/site-packages/docker/transport/sshconn.py","lineno":9,"name":"<module>"},{"filename":"/home/airflow/.local/lib/python3.12/site-packages/paramiko/__init__.py","lineno":22,"name":"<module>"},{"filename":"/home/airflow/.local/lib/python3.12/site-packages/paramiko/transport.py","lineno":105,"name":"<module>"},{"filename":"/home/airflow/.local/lib/python3.12/site-packages/paramiko/kex_ecdh_nist.py","lineno":19,"name":"<module>"},{"filename":"/home/airflow/.local/lib/python3.12/site-packages/airflow/utils/timeout.py","lineno":69,"name":"handle_timeout"}]}]}
{"timestamp":"2025-08-10T21:35:50.160294","level":"info","event":"Filling up the DagBag from /opt/airflow/dags/process_kindle_reviews_dag.py","logger":"airflow.models.dagbag.DagBag"}
{"timestamp":"2025-08-10T21:36:59.848482","level":"info","event":"Filling up the DagBag from /opt/airflow/dags/process_kindle_reviews_dag.py","logger":"airflow.models.dagbag.DagBag"}
{"timestamp":"2025-08-10T21:37:30.983421","level":"info","event":"Filling up the DagBag from /opt/airflow/dags/process_kindle_reviews_dag.py","logger":"airflow.models.dagbag.DagBag"}
{"timestamp":"2025-08-10T21:38:04.840948","level":"info","event":"Filling up the DagBag from /opt/airflow/dags/process_kindle_reviews_dag.py","logger":"airflow.models.dagbag.DagBag"}
{"timestamp":"2025-08-10T21:38:39.067822","level":"info","event":"Filling up the DagBag from /opt/airflow/dags/process_kindle_reviews_dag.py","logger":"airflow.models.dagbag.DagBag"}
{"timestamp":"2025-08-10T21:39:11.032069","level":"info","event":"Filling up the DagBag from /opt/airflow/dags/process_kindle_reviews_dag.py","logger":"airflow.models.dagbag.DagBag"}
{"timestamp":"2025-08-10T21:39:54.796585","level":"info","event":"Filling up the DagBag from /opt/airflow/dags/process_kindle_reviews_dag.py","logger":"airflow.models.dagbag.DagBag"}
{"timestamp":"2025-08-10T21:40:25.918821","level":"info","event":"Filling up the DagBag from /opt/airflow/dags/process_kindle_reviews_dag.py","logger":"airflow.models.dagbag.DagBag"}
{"timestamp":"2025-08-10T21:41:34.823069","level":"info","event":"Filling up the DagBag from /opt/airflow/dags/process_kindle_reviews_dag.py","logger":"airflow.models.dagbag.DagBag"}
{"timestamp":"2025-08-10T21:42:05.588191","level":"info","event":"Filling up the DagBag from /opt/airflow/dags/process_kindle_reviews_dag.py","logger":"airflow.models.dagbag.DagBag"}
{"timestamp":"2025-08-10T21:42:39.935318","level":"info","event":"Filling up the DagBag from /opt/airflow/dags/process_kindle_reviews_dag.py","logger":"airflow.models.dagbag.DagBag"}
{"timestamp":"2025-08-10T21:43:31.732157","level":"info","event":"Filling up the DagBag from /opt/airflow/dags/process_kindle_reviews_dag.py","logger":"airflow.models.dagbag.DagBag"}
{"timestamp":"2025-08-10T21:44:03.217802","level":"info","event":"Filling up the DagBag from /opt/airflow/dags/process_kindle_reviews_dag.py","logger":"airflow.models.dagbag.DagBag"}
{"timestamp":"2025-08-10T21:45:43.014750","level":"info","event":"Filling up the DagBag from /opt/airflow/dags/process_kindle_reviews_dag.py","logger":"airflow.models.dagbag.DagBag"}
{"timestamp":"2025-08-10T21:46:27.512839","level":"info","event":"Filling up the DagBag from /opt/airflow/dags/process_kindle_reviews_dag.py","logger":"airflow.models.dagbag.DagBag"}
{"timestamp":"2025-08-10T21:46:58.947474","level":"info","event":"Filling up the DagBag from /opt/airflow/dags/process_kindle_reviews_dag.py","logger":"airflow.models.dagbag.DagBag"}
{"timestamp":"2025-08-10T21:47:32.541688","level":"info","event":"Filling up the DagBag from /opt/airflow/dags/process_kindle_reviews_dag.py","logger":"airflow.models.dagbag.DagBag"}
{"timestamp":"2025-08-10T21:48:49.606146","level":"info","event":"Filling up the DagBag from /opt/airflow/dags/process_kindle_reviews_dag.py","logger":"airflow.models.dagbag.DagBag"}
{"timestamp":"2025-08-10T21:49:20.527139","level":"info","event":"Filling up the DagBag from /opt/airflow/dags/process_kindle_reviews_dag.py","logger":"airflow.models.dagbag.DagBag"}
{"timestamp":"2025-08-10T21:49:22.003228Z","level":"critical","event":"Process terminated by signal. For more information, see https://airflow.apache.org/docs/apache-airflow/stable/troubleshooting.html#TaskRunner-killed","signal":-9,"signal_name":"SIGKILL","logger":"processor"}
{"timestamp":"2025-08-10T21:49:54.465480","level":"info","event":"Filling up the DagBag from /opt/airflow/dags/process_kindle_reviews_dag.py","logger":"airflow.models.dagbag.DagBag"}
{"timestamp":"2025-08-10T21:50:58.089720","level":"info","event":"Filling up the DagBag from /opt/airflow/dags/process_kindle_reviews_dag.py","logger":"airflow.models.dagbag.DagBag"}
{"timestamp":"2025-08-10T21:51:29.043120","level":"info","event":"Filling up the DagBag from /opt/airflow/dags/process_kindle_reviews_dag.py","logger":"airflow.models.dagbag.DagBag"}
{"timestamp":"2025-08-10T21:52:01.738767","level":"info","event":"Filling up the DagBag from /opt/airflow/dags/process_kindle_reviews_dag.py","logger":"airflow.models.dagbag.DagBag"}
{"timestamp":"2025-08-10T21:52:33.129334","level":"info","event":"Filling up the DagBag from /opt/airflow/dags/process_kindle_reviews_dag.py","logger":"airflow.models.dagbag.DagBag"}
{"timestamp":"2025-08-10T21:53:04.646675","level":"info","event":"Filling up the DagBag from /opt/airflow/dags/process_kindle_reviews_dag.py","logger":"airflow.models.dagbag.DagBag"}
{"timestamp":"2025-08-10T21:53:44.917939","level":"info","event":"Filling up the DagBag from /opt/airflow/dags/process_kindle_reviews_dag.py","logger":"airflow.models.dagbag.DagBag"}
{"timestamp":"2025-08-10T21:54:16.404063","level":"info","event":"Filling up the DagBag from /opt/airflow/dags/process_kindle_reviews_dag.py","logger":"airflow.models.dagbag.DagBag"}
{"timestamp":"2025-08-10T21:55:37.912554","level":"info","event":"Filling up the DagBag from /opt/airflow/dags/process_kindle_reviews_dag.py","logger":"airflow.models.dagbag.DagBag"}
{"timestamp":"2025-08-10T21:56:33.347680","level":"info","event":"Filling up the DagBag from /opt/airflow/dags/process_kindle_reviews_dag.py","logger":"airflow.models.dagbag.DagBag"}
{"timestamp":"2025-08-10T21:57:26.268673","level":"info","event":"Filling up the DagBag from /opt/airflow/dags/process_kindle_reviews_dag.py","logger":"airflow.models.dagbag.DagBag"}
{"timestamp":"2025-08-10T21:58:03.417060","level":"info","event":"Filling up the DagBag from /opt/airflow/dags/process_kindle_reviews_dag.py","logger":"airflow.models.dagbag.DagBag"}
{"timestamp":"2025-08-10T21:58:34.272695","level":"info","event":"Filling up the DagBag from /opt/airflow/dags/process_kindle_reviews_dag.py","logger":"airflow.models.dagbag.DagBag"}
{"timestamp":"2025-08-10T21:59:15.563800","level":"info","event":"Filling up the DagBag from /opt/airflow/dags/process_kindle_reviews_dag.py","logger":"airflow.models.dagbag.DagBag"}
{"timestamp":"2025-08-10T21:59:46.962004","level":"info","event":"Filling up the DagBag from /opt/airflow/dags/process_kindle_reviews_dag.py","logger":"airflow.models.dagbag.DagBag"}
{"timestamp":"2025-08-10T22:00:20.320573","level":"info","event":"Filling up the DagBag from /opt/airflow/dags/process_kindle_reviews_dag.py","logger":"airflow.models.dagbag.DagBag"}
{"timestamp":"2025-08-10T22:00:59.344887","level":"info","event":"Filling up the DagBag from /opt/airflow/dags/process_kindle_reviews_dag.py","logger":"airflow.models.dagbag.DagBag"}
{"timestamp":"2025-08-10T22:01:32.965063","level":"info","event":"Filling up the DagBag from /opt/airflow/dags/process_kindle_reviews_dag.py","logger":"airflow.models.dagbag.DagBag"}
{"timestamp":"2025-08-10T22:03:01.133909","level":"info","event":"Filling up the DagBag from /opt/airflow/dags/process_kindle_reviews_dag.py","logger":"airflow.models.dagbag.DagBag"}
{"timestamp":"2025-08-10T22:03:33.245313","level":"info","event":"Filling up the DagBag from /opt/airflow/dags/process_kindle_reviews_dag.py","logger":"airflow.models.dagbag.DagBag"}
{"timestamp":"2025-08-10T22:04:46.935098","level":"info","event":"Filling up the DagBag from /opt/airflow/dags/process_kindle_reviews_dag.py","logger":"airflow.models.dagbag.DagBag"}
{"timestamp":"2025-08-10T22:05:18.611785","level":"info","event":"Filling up the DagBag from /opt/airflow/dags/process_kindle_reviews_dag.py","logger":"airflow.models.dagbag.DagBag"}
{"timestamp":"2025-08-10T22:05:49.647688","level":"info","event":"Filling up the DagBag from /opt/airflow/dags/process_kindle_reviews_dag.py","logger":"airflow.models.dagbag.DagBag"}
{"timestamp":"2025-08-10T22:06:22.442671","level":"info","event":"Filling up the DagBag from /opt/airflow/dags/process_kindle_reviews_dag.py","logger":"airflow.models.dagbag.DagBag"}
{"timestamp":"2025-08-10T22:06:53.733018","level":"info","event":"Filling up the DagBag from /opt/airflow/dags/process_kindle_reviews_dag.py","logger":"airflow.models.dagbag.DagBag"}
{"timestamp":"2025-08-10T22:07:39.699336","level":"info","event":"Filling up the DagBag from /opt/airflow/dags/process_kindle_reviews_dag.py","logger":"airflow.models.dagbag.DagBag"}
{"timestamp":"2025-08-10T22:08:10.879290","level":"info","event":"Filling up the DagBag from /opt/airflow/dags/process_kindle_reviews_dag.py","logger":"airflow.models.dagbag.DagBag"}
{"timestamp":"2025-08-10T22:08:41.830266","level":"info","event":"Filling up the DagBag from /opt/airflow/dags/process_kindle_reviews_dag.py","logger":"airflow.models.dagbag.DagBag"}
{"timestamp":"2025-08-10T22:09:13.479380","level":"info","event":"Filling up the DagBag from /opt/airflow/dags/process_kindle_reviews_dag.py","logger":"airflow.models.dagbag.DagBag"}
{"timestamp":"2025-08-10T22:09:48.185525","level":"info","event":"Filling up the DagBag from /opt/airflow/dags/process_kindle_reviews_dag.py","logger":"airflow.models.dagbag.DagBag"}
{"timestamp":"2025-08-10T22:10:19.842273","level":"info","event":"Filling up the DagBag from /opt/airflow/dags/process_kindle_reviews_dag.py","logger":"airflow.models.dagbag.DagBag"}
{"timestamp":"2025-08-10T22:11:02.132452","level":"info","event":"Filling up the DagBag from /opt/airflow/dags/process_kindle_reviews_dag.py","logger":"airflow.models.dagbag.DagBag"}
{"timestamp":"2025-08-10T22:12:14.984905","level":"info","event":"Filling up the DagBag from /opt/airflow/dags/process_kindle_reviews_dag.py","logger":"airflow.models.dagbag.DagBag"}
{"timestamp":"2025-08-10T22:12:46.164707","level":"info","event":"Filling up the DagBag from /opt/airflow/dags/process_kindle_reviews_dag.py","logger":"airflow.models.dagbag.DagBag"}
{"timestamp":"2025-08-10T22:13:19.083525","level":"info","event":"Filling up the DagBag from /opt/airflow/dags/process_kindle_reviews_dag.py","logger":"airflow.models.dagbag.DagBag"}
{"timestamp":"2025-08-10T22:13:50.804676","level":"info","event":"Filling up the DagBag from /opt/airflow/dags/process_kindle_reviews_dag.py","logger":"airflow.models.dagbag.DagBag"}
{"timestamp":"2025-08-10T22:14:43.254810","level":"info","event":"Filling up the DagBag from /opt/airflow/dags/process_kindle_reviews_dag.py","logger":"airflow.models.dagbag.DagBag"}
{"timestamp":"2025-08-10T22:15:44.801450","level":"info","event":"Filling up the DagBag from /opt/airflow/dags/process_kindle_reviews_dag.py","logger":"airflow.models.dagbag.DagBag"}
{"timestamp":"2025-08-10T22:16:17.048724","level":"info","event":"Filling up the DagBag from /opt/airflow/dags/process_kindle_reviews_dag.py","logger":"airflow.models.dagbag.DagBag"}
{"timestamp":"2025-08-10T22:17:27.526577","level":"info","event":"Filling up the DagBag from /opt/airflow/dags/process_kindle_reviews_dag.py","logger":"airflow.models.dagbag.DagBag"}
{"timestamp":"2025-08-10T22:17:59.518491","level":"info","event":"Filling up the DagBag from /opt/airflow/dags/process_kindle_reviews_dag.py","logger":"airflow.models.dagbag.DagBag"}
{"timestamp":"2025-08-10T22:18:56.630737","level":"info","event":"Filling up the DagBag from /opt/airflow/dags/process_kindle_reviews_dag.py","logger":"airflow.models.dagbag.DagBag"}
{"timestamp":"2025-08-10T22:19:11.566020Z","level":"critical","event":"Process terminated by signal. For more information, see https://airflow.apache.org/docs/apache-airflow/stable/troubleshooting.html#TaskRunner-killed","signal":-9,"signal_name":"SIGKILL","logger":"processor"}
{"timestamp":"2025-08-10T22:19:49.266878","level":"info","event":"Filling up the DagBag from /opt/airflow/dags/process_kindle_reviews_dag.py","logger":"airflow.models.dagbag.DagBag"}
{"timestamp":"2025-08-10T22:20:32.172701","level":"info","event":"Filling up the DagBag from /opt/airflow/dags/process_kindle_reviews_dag.py","logger":"airflow.models.dagbag.DagBag"}
{"timestamp":"2025-08-10T22:21:03.667154","level":"info","event":"Filling up the DagBag from /opt/airflow/dags/process_kindle_reviews_dag.py","logger":"airflow.models.dagbag.DagBag"}
{"timestamp":"2025-08-10T22:22:19.626908","level":"info","event":"Filling up the DagBag from /opt/airflow/dags/process_kindle_reviews_dag.py","logger":"airflow.models.dagbag.DagBag"}
{"timestamp":"2025-08-10T22:23:34.149746","level":"info","event":"Filling up the DagBag from /opt/airflow/dags/process_kindle_reviews_dag.py","logger":"airflow.models.dagbag.DagBag"}
{"timestamp":"2025-08-10T22:25:12.792140","level":"info","event":"Filling up the DagBag from /opt/airflow/dags/process_kindle_reviews_dag.py","logger":"airflow.models.dagbag.DagBag"}
{"timestamp":"2025-08-10T22:25:43.875623","level":"info","event":"Filling up the DagBag from /opt/airflow/dags/process_kindle_reviews_dag.py","logger":"airflow.models.dagbag.DagBag"}
{"timestamp":"2025-08-10T22:27:40.732480","level":"info","event":"Filling up the DagBag from /opt/airflow/dags/process_kindle_reviews_dag.py","logger":"airflow.models.dagbag.DagBag"}
{"timestamp":"2025-08-10T22:28:16.508842","level":"info","event":"Filling up the DagBag from /opt/airflow/dags/process_kindle_reviews_dag.py","logger":"airflow.models.dagbag.DagBag"}
{"timestamp":"2025-08-10T22:28:49.289894","level":"info","event":"Filling up the DagBag from /opt/airflow/dags/process_kindle_reviews_dag.py","logger":"airflow.models.dagbag.DagBag"}
{"timestamp":"2025-08-10T22:29:20.985470","level":"info","event":"Filling up the DagBag from /opt/airflow/dags/process_kindle_reviews_dag.py","logger":"airflow.models.dagbag.DagBag"}
{"timestamp":"2025-08-10T22:29:53.118835","level":"info","event":"Filling up the DagBag from /opt/airflow/dags/process_kindle_reviews_dag.py","logger":"airflow.models.dagbag.DagBag"}
{"timestamp":"2025-08-10T22:30:24.486636","level":"info","event":"Filling up the DagBag from /opt/airflow/dags/process_kindle_reviews_dag.py","logger":"airflow.models.dagbag.DagBag"}
{"timestamp":"2025-08-10T22:30:56.905510","level":"info","event":"Filling up the DagBag from /opt/airflow/dags/process_kindle_reviews_dag.py","logger":"airflow.models.dagbag.DagBag"}
{"timestamp":"2025-08-10T22:31:28.096534","level":"info","event":"Filling up the DagBag from /opt/airflow/dags/process_kindle_reviews_dag.py","logger":"airflow.models.dagbag.DagBag"}
{"timestamp":"2025-08-10T22:31:59.957186","level":"info","event":"Filling up the DagBag from /opt/airflow/dags/process_kindle_reviews_dag.py","logger":"airflow.models.dagbag.DagBag"}
{"timestamp":"2025-08-10T22:32:32.300544","level":"info","event":"Filling up the DagBag from /opt/airflow/dags/process_kindle_reviews_dag.py","logger":"airflow.models.dagbag.DagBag"}
{"timestamp":"2025-08-10T22:33:04.854260","level":"info","event":"Filling up the DagBag from /opt/airflow/dags/process_kindle_reviews_dag.py","logger":"airflow.models.dagbag.DagBag"}
{"timestamp":"2025-08-10T22:33:36.284414","level":"info","event":"Filling up the DagBag from /opt/airflow/dags/process_kindle_reviews_dag.py","logger":"airflow.models.dagbag.DagBag"}
{"timestamp":"2025-08-10T22:34:07.051097","level":"info","event":"Filling up the DagBag from /opt/airflow/dags/process_kindle_reviews_dag.py","logger":"airflow.models.dagbag.DagBag"}
{"timestamp":"2025-08-10T22:34:37.726178","level":"info","event":"Filling up the DagBag from /opt/airflow/dags/process_kindle_reviews_dag.py","logger":"airflow.models.dagbag.DagBag"}
{"timestamp":"2025-08-10T22:35:17.182724","level":"info","event":"Filling up the DagBag from /opt/airflow/dags/process_kindle_reviews_dag.py","logger":"airflow.models.dagbag.DagBag"}
{"timestamp":"2025-08-10T22:35:49.227074","level":"info","event":"Filling up the DagBag from /opt/airflow/dags/process_kindle_reviews_dag.py","logger":"airflow.models.dagbag.DagBag"}
{"timestamp":"2025-08-10T22:36:20.519831","level":"info","event":"Filling up the DagBag from /opt/airflow/dags/process_kindle_reviews_dag.py","logger":"airflow.models.dagbag.DagBag"}
{"timestamp":"2025-08-10T22:36:51.736176","level":"info","event":"Filling up the DagBag from /opt/airflow/dags/process_kindle_reviews_dag.py","logger":"airflow.models.dagbag.DagBag"}
{"timestamp":"2025-08-10T22:37:23.448344","level":"info","event":"Filling up the DagBag from /opt/airflow/dags/process_kindle_reviews_dag.py","logger":"airflow.models.dagbag.DagBag"}
{"timestamp":"2025-08-10T22:37:54.818528","level":"info","event":"Filling up the DagBag from /opt/airflow/dags/process_kindle_reviews_dag.py","logger":"airflow.models.dagbag.DagBag"}
{"timestamp":"2025-08-10T22:38:26.540847","level":"info","event":"Filling up the DagBag from /opt/airflow/dags/process_kindle_reviews_dag.py","logger":"airflow.models.dagbag.DagBag"}
{"timestamp":"2025-08-10T22:38:59.009761","level":"info","event":"Filling up the DagBag from /opt/airflow/dags/process_kindle_reviews_dag.py","logger":"airflow.models.dagbag.DagBag"}
{"timestamp":"2025-08-10T22:39:30.333577","level":"info","event":"Filling up the DagBag from /opt/airflow/dags/process_kindle_reviews_dag.py","logger":"airflow.models.dagbag.DagBag"}
{"timestamp":"2025-08-10T22:40:01.514228","level":"info","event":"Filling up the DagBag from /opt/airflow/dags/process_kindle_reviews_dag.py","logger":"airflow.models.dagbag.DagBag"}
{"timestamp":"2025-08-10T22:40:33.633486","level":"info","event":"Filling up the DagBag from /opt/airflow/dags/process_kindle_reviews_dag.py","logger":"airflow.models.dagbag.DagBag"}
{"timestamp":"2025-08-10T22:41:04.521063","level":"info","event":"Filling up the DagBag from /opt/airflow/dags/process_kindle_reviews_dag.py","logger":"airflow.models.dagbag.DagBag"}
{"timestamp":"2025-08-10T22:41:35.144326","level":"info","event":"Filling up the DagBag from /opt/airflow/dags/process_kindle_reviews_dag.py","logger":"airflow.models.dagbag.DagBag"}
{"timestamp":"2025-08-10T22:42:06.138063","level":"info","event":"Filling up the DagBag from /opt/airflow/dags/process_kindle_reviews_dag.py","logger":"airflow.models.dagbag.DagBag"}
{"timestamp":"2025-08-10T22:42:36.791886","level":"info","event":"Filling up the DagBag from /opt/airflow/dags/process_kindle_reviews_dag.py","logger":"airflow.models.dagbag.DagBag"}
{"timestamp":"2025-08-10T22:43:25.613467","level":"info","event":"Filling up the DagBag from /opt/airflow/dags/process_kindle_reviews_dag.py","logger":"airflow.models.dagbag.DagBag"}
{"timestamp":"2025-08-10T22:43:57.520234","level":"info","event":"Filling up the DagBag from /opt/airflow/dags/process_kindle_reviews_dag.py","logger":"airflow.models.dagbag.DagBag"}
{"timestamp":"2025-08-10T22:45:09.628661","level":"info","event":"Filling up the DagBag from /opt/airflow/dags/process_kindle_reviews_dag.py","logger":"airflow.models.dagbag.DagBag"}
{"timestamp":"2025-08-10T22:45:15.804303Z","level":"critical","event":"Process terminated by signal. For more information, see https://airflow.apache.org/docs/apache-airflow/stable/troubleshooting.html#TaskRunner-killed","signal":-9,"signal_name":"SIGKILL","logger":"processor"}
{"timestamp":"2025-08-10T22:45:46.925500","level":"info","event":"Filling up the DagBag from /opt/airflow/dags/process_kindle_reviews_dag.py","logger":"airflow.models.dagbag.DagBag"}
{"timestamp":"2025-08-10T22:46:17.653580","level":"info","event":"Filling up the DagBag from /opt/airflow/dags/process_kindle_reviews_dag.py","logger":"airflow.models.dagbag.DagBag"}
{"timestamp":"2025-08-10T22:46:48.445456","level":"info","event":"Filling up the DagBag from /opt/airflow/dags/process_kindle_reviews_dag.py","logger":"airflow.models.dagbag.DagBag"}
{"timestamp":"2025-08-10T22:47:19.312780","level":"info","event":"Filling up the DagBag from /opt/airflow/dags/process_kindle_reviews_dag.py","logger":"airflow.models.dagbag.DagBag"}
{"timestamp":"2025-08-10T22:47:49.769733","level":"info","event":"Filling up the DagBag from /opt/airflow/dags/process_kindle_reviews_dag.py","logger":"airflow.models.dagbag.DagBag"}
{"timestamp":"2025-08-10T22:48:20.809486","level":"info","event":"Filling up the DagBag from /opt/airflow/dags/process_kindle_reviews_dag.py","logger":"airflow.models.dagbag.DagBag"}
{"timestamp":"2025-08-10T22:49:29.765543","level":"info","event":"Filling up the DagBag from /opt/airflow/dags/process_kindle_reviews_dag.py","logger":"airflow.models.dagbag.DagBag"}
{"timestamp":"2025-08-10T22:50:01.201972","level":"info","event":"Filling up the DagBag from /opt/airflow/dags/process_kindle_reviews_dag.py","logger":"airflow.models.dagbag.DagBag"}
{"timestamp":"2025-08-10T22:51:05.638814","level":"info","event":"Filling up the DagBag from /opt/airflow/dags/process_kindle_reviews_dag.py","logger":"airflow.models.dagbag.DagBag"}
{"timestamp":"2025-08-10T22:51:50.907013","level":"info","event":"Filling up the DagBag from /opt/airflow/dags/process_kindle_reviews_dag.py","logger":"airflow.models.dagbag.DagBag"}
{"timestamp":"2025-08-10T22:52:27.176287","level":"info","event":"Filling up the DagBag from /opt/airflow/dags/process_kindle_reviews_dag.py","logger":"airflow.models.dagbag.DagBag"}
{"timestamp":"2025-08-10T22:52:59.903829","level":"info","event":"Filling up the DagBag from /opt/airflow/dags/process_kindle_reviews_dag.py","logger":"airflow.models.dagbag.DagBag"}
{"timestamp":"2025-08-10T22:53:35.322920","level":"info","event":"Filling up the DagBag from /opt/airflow/dags/process_kindle_reviews_dag.py","logger":"airflow.models.dagbag.DagBag"}
{"timestamp":"2025-08-10T22:54:39.061319","level":"info","event":"Filling up the DagBag from /opt/airflow/dags/process_kindle_reviews_dag.py","logger":"airflow.models.dagbag.DagBag"}
{"timestamp":"2025-08-10T22:55:12.272212","level":"info","event":"Filling up the DagBag from /opt/airflow/dags/process_kindle_reviews_dag.py","logger":"airflow.models.dagbag.DagBag"}
{"timestamp":"2025-08-10T22:55:44.107167","level":"info","event":"Filling up the DagBag from /opt/airflow/dags/process_kindle_reviews_dag.py","logger":"airflow.models.dagbag.DagBag"}
{"timestamp":"2025-08-10T22:56:30.449712","level":"info","event":"Filling up the DagBag from /opt/airflow/dags/process_kindle_reviews_dag.py","logger":"airflow.models.dagbag.DagBag"}
{"timestamp":"2025-08-10T22:57:54.151681","level":"info","event":"Filling up the DagBag from /opt/airflow/dags/process_kindle_reviews_dag.py","logger":"airflow.models.dagbag.DagBag"}
{"timestamp":"2025-08-10T22:58:36.786549","level":"info","event":"Filling up the DagBag from /opt/airflow/dags/process_kindle_reviews_dag.py","logger":"airflow.models.dagbag.DagBag"}
{"timestamp":"2025-08-10T22:59:58.118817","level":"info","event":"Filling up the DagBag from /opt/airflow/dags/process_kindle_reviews_dag.py","logger":"airflow.models.dagbag.DagBag"}
{"timestamp":"2025-08-10T23:00:29.024791","level":"info","event":"Filling up the DagBag from /opt/airflow/dags/process_kindle_reviews_dag.py","logger":"airflow.models.dagbag.DagBag"}
{"timestamp":"2025-08-10T23:01:06.229104","level":"info","event":"Filling up the DagBag from /opt/airflow/dags/process_kindle_reviews_dag.py","logger":"airflow.models.dagbag.DagBag"}
{"timestamp":"2025-08-10T23:01:38.129995","level":"info","event":"Filling up the DagBag from /opt/airflow/dags/process_kindle_reviews_dag.py","logger":"airflow.models.dagbag.DagBag"}
{"timestamp":"2025-08-10T23:02:21.767966","level":"info","event":"Filling up the DagBag from /opt/airflow/dags/process_kindle_reviews_dag.py","logger":"airflow.models.dagbag.DagBag"}
{"timestamp":"2025-08-10T23:02:54.846091","level":"info","event":"Filling up the DagBag from /opt/airflow/dags/process_kindle_reviews_dag.py","logger":"airflow.models.dagbag.DagBag"}
{"timestamp":"2025-08-10T23:03:25.690654","level":"info","event":"Filling up the DagBag from /opt/airflow/dags/process_kindle_reviews_dag.py","logger":"airflow.models.dagbag.DagBag"}
{"timestamp":"2025-08-10T23:04:11.696011","level":"info","event":"Filling up the DagBag from /opt/airflow/dags/process_kindle_reviews_dag.py","logger":"airflow.models.dagbag.DagBag"}
{"timestamp":"2025-08-10T23:04:43.125599","level":"info","event":"Filling up the DagBag from /opt/airflow/dags/process_kindle_reviews_dag.py","logger":"airflow.models.dagbag.DagBag"}
{"timestamp":"2025-08-10T23:05:26.742508","level":"info","event":"Filling up the DagBag from /opt/airflow/dags/process_kindle_reviews_dag.py","logger":"airflow.models.dagbag.DagBag"}
{"timestamp":"2025-08-10T23:05:57.671138","level":"info","event":"Filling up the DagBag from /opt/airflow/dags/process_kindle_reviews_dag.py","logger":"airflow.models.dagbag.DagBag"}
{"timestamp":"2025-08-10T23:06:29.110074","level":"info","event":"Filling up the DagBag from /opt/airflow/dags/process_kindle_reviews_dag.py","logger":"airflow.models.dagbag.DagBag"}
{"timestamp":"2025-08-10T23:07:15.643662","level":"info","event":"Filling up the DagBag from /opt/airflow/dags/process_kindle_reviews_dag.py","logger":"airflow.models.dagbag.DagBag"}
{"timestamp":"2025-08-10T23:07:47.304339","level":"info","event":"Filling up the DagBag from /opt/airflow/dags/process_kindle_reviews_dag.py","logger":"airflow.models.dagbag.DagBag"}
{"timestamp":"2025-08-10T23:08:31.006287","level":"info","event":"Filling up the DagBag from /opt/airflow/dags/process_kindle_reviews_dag.py","logger":"airflow.models.dagbag.DagBag"}
{"timestamp":"2025-08-10T23:09:02.471345","level":"info","event":"Filling up the DagBag from /opt/airflow/dags/process_kindle_reviews_dag.py","logger":"airflow.models.dagbag.DagBag"}
{"timestamp":"2025-08-10T23:09:34.061561","level":"info","event":"Filling up the DagBag from /opt/airflow/dags/process_kindle_reviews_dag.py","logger":"airflow.models.dagbag.DagBag"}
{"timestamp":"2025-08-10T23:10:04.665688","level":"info","event":"Filling up the DagBag from /opt/airflow/dags/process_kindle_reviews_dag.py","logger":"airflow.models.dagbag.DagBag"}
{"timestamp":"2025-08-10T23:12:01.648505","level":"info","event":"Filling up the DagBag from /opt/airflow/dags/process_kindle_reviews_dag.py","logger":"airflow.models.dagbag.DagBag"}
{"timestamp":"2025-08-10T23:12:33.637305","level":"info","event":"Filling up the DagBag from /opt/airflow/dags/process_kindle_reviews_dag.py","logger":"airflow.models.dagbag.DagBag"}
{"timestamp":"2025-08-10T23:12:38.123018Z","level":"critical","event":"Process terminated by signal. For more information, see https://airflow.apache.org/docs/apache-airflow/stable/troubleshooting.html#TaskRunner-killed","signal":-9,"signal_name":"SIGKILL","logger":"processor"}
{"timestamp":"2025-08-10T23:13:19.725946","level":"info","event":"Filling up the DagBag from /opt/airflow/dags/process_kindle_reviews_dag.py","logger":"airflow.models.dagbag.DagBag"}
{"timestamp":"2025-08-10T23:13:56.795544","level":"info","event":"Filling up the DagBag from /opt/airflow/dags/process_kindle_reviews_dag.py","logger":"airflow.models.dagbag.DagBag"}
{"timestamp":"2025-08-10T23:14:30.903329","level":"info","event":"Filling up the DagBag from /opt/airflow/dags/process_kindle_reviews_dag.py","logger":"airflow.models.dagbag.DagBag"}
{"timestamp":"2025-08-10T23:15:03.265100","level":"info","event":"Filling up the DagBag from /opt/airflow/dags/process_kindle_reviews_dag.py","logger":"airflow.models.dagbag.DagBag"}
{"timestamp":"2025-08-10T23:15:37.595778","level":"info","event":"Filling up the DagBag from /opt/airflow/dags/process_kindle_reviews_dag.py","logger":"airflow.models.dagbag.DagBag"}
{"timestamp":"2025-08-10T23:16:27.576425","level":"info","event":"Filling up the DagBag from /opt/airflow/dags/process_kindle_reviews_dag.py","logger":"airflow.models.dagbag.DagBag"}
{"timestamp":"2025-08-10T23:17:23.559717","level":"info","event":"Filling up the DagBag from /opt/airflow/dags/process_kindle_reviews_dag.py","logger":"airflow.models.dagbag.DagBag"}
{"timestamp":"2025-08-10T23:17:54.736651","level":"info","event":"Filling up the DagBag from /opt/airflow/dags/process_kindle_reviews_dag.py","logger":"airflow.models.dagbag.DagBag"}
{"timestamp":"2025-08-10T23:18:31.089632","level":"info","event":"Filling up the DagBag from /opt/airflow/dags/process_kindle_reviews_dag.py","logger":"airflow.models.dagbag.DagBag"}
{"timestamp":"2025-08-10T23:19:02.886394","level":"info","event":"Filling up the DagBag from /opt/airflow/dags/process_kindle_reviews_dag.py","logger":"airflow.models.dagbag.DagBag"}
{"timestamp":"2025-08-10T23:19:51.615371","level":"info","event":"Filling up the DagBag from /opt/airflow/dags/process_kindle_reviews_dag.py","logger":"airflow.models.dagbag.DagBag"}
{"timestamp":"2025-08-10T23:20:23.887363","level":"info","event":"Filling up the DagBag from /opt/airflow/dags/process_kindle_reviews_dag.py","logger":"airflow.models.dagbag.DagBag"}
{"timestamp":"2025-08-10T23:20:54.835513","level":"info","event":"Filling up the DagBag from /opt/airflow/dags/process_kindle_reviews_dag.py","logger":"airflow.models.dagbag.DagBag"}
{"timestamp":"2025-08-10T23:21:54.614837","level":"info","event":"Filling up the DagBag from /opt/airflow/dags/process_kindle_reviews_dag.py","logger":"airflow.models.dagbag.DagBag"}
{"timestamp":"2025-08-10T23:22:56.978188","level":"info","event":"Filling up the DagBag from /opt/airflow/dags/process_kindle_reviews_dag.py","logger":"airflow.models.dagbag.DagBag"}
{"timestamp":"2025-08-10T23:23:29.080813","level":"info","event":"Filling up the DagBag from /opt/airflow/dags/process_kindle_reviews_dag.py","logger":"airflow.models.dagbag.DagBag"}
{"timestamp":"2025-08-10T23:24:00.605249","level":"info","event":"Filling up the DagBag from /opt/airflow/dags/process_kindle_reviews_dag.py","logger":"airflow.models.dagbag.DagBag"}
{"timestamp":"2025-08-10T23:24:32.413262","level":"info","event":"Filling up the DagBag from /opt/airflow/dags/process_kindle_reviews_dag.py","logger":"airflow.models.dagbag.DagBag"}
{"timestamp":"2025-08-10T23:25:13.170436","level":"info","event":"Filling up the DagBag from /opt/airflow/dags/process_kindle_reviews_dag.py","logger":"airflow.models.dagbag.DagBag"}
{"timestamp":"2025-08-10T23:25:45.284137","level":"info","event":"Filling up the DagBag from /opt/airflow/dags/process_kindle_reviews_dag.py","logger":"airflow.models.dagbag.DagBag"}
{"timestamp":"2025-08-10T23:26:16.035750","level":"info","event":"Filling up the DagBag from /opt/airflow/dags/process_kindle_reviews_dag.py","logger":"airflow.models.dagbag.DagBag"}
{"timestamp":"2025-08-10T23:27:05.644853","level":"info","event":"Filling up the DagBag from /opt/airflow/dags/process_kindle_reviews_dag.py","logger":"airflow.models.dagbag.DagBag"}
{"timestamp":"2025-08-10T23:27:45.336206","level":"info","event":"Filling up the DagBag from /opt/airflow/dags/process_kindle_reviews_dag.py","logger":"airflow.models.dagbag.DagBag"}
{"timestamp":"2025-08-10T23:28:57.884431","level":"info","event":"Filling up the DagBag from /opt/airflow/dags/process_kindle_reviews_dag.py","logger":"airflow.models.dagbag.DagBag"}
{"timestamp":"2025-08-10T23:32:50.499273","level":"info","event":"Filling up the DagBag from /opt/airflow/dags/process_kindle_reviews_dag.py","logger":"airflow.models.dagbag.DagBag"}
{"timestamp":"2025-08-10T23:33:29.389534","level":"info","event":"Filling up the DagBag from /opt/airflow/dags/process_kindle_reviews_dag.py","logger":"airflow.models.dagbag.DagBag"}
{"timestamp":"2025-08-10T23:34:04.487114","level":"info","event":"Filling up the DagBag from /opt/airflow/dags/process_kindle_reviews_dag.py","logger":"airflow.models.dagbag.DagBag"}
{"timestamp":"2025-08-10T23:34:38.260290","level":"info","event":"Filling up the DagBag from /opt/airflow/dags/process_kindle_reviews_dag.py","logger":"airflow.models.dagbag.DagBag"}
{"timestamp":"2025-08-10T23:35:17.570805","level":"info","event":"Filling up the DagBag from /opt/airflow/dags/process_kindle_reviews_dag.py","logger":"airflow.models.dagbag.DagBag"}
{"timestamp":"2025-08-10T23:38:13.229690","level":"info","event":"Filling up the DagBag from /opt/airflow/dags/process_kindle_reviews_dag.py","logger":"airflow.models.dagbag.DagBag"}
{"timestamp":"2025-08-10T23:39:44.329992","level":"info","event":"Filling up the DagBag from /opt/airflow/dags/process_kindle_reviews_dag.py","logger":"airflow.models.dagbag.DagBag"}
{"timestamp":"2025-08-10T23:40:16.441861","level":"info","event":"Filling up the DagBag from /opt/airflow/dags/process_kindle_reviews_dag.py","logger":"airflow.models.dagbag.DagBag"}
{"timestamp":"2025-08-10T23:40:47.992794","level":"info","event":"Filling up the DagBag from /opt/airflow/dags/process_kindle_reviews_dag.py","logger":"airflow.models.dagbag.DagBag"}
{"timestamp":"2025-08-10T23:41:29.741267","level":"info","event":"Filling up the DagBag from /opt/airflow/dags/process_kindle_reviews_dag.py","logger":"airflow.models.dagbag.DagBag"}
{"timestamp":"2025-08-10T23:42:01.737470","level":"info","event":"Filling up the DagBag from /opt/airflow/dags/process_kindle_reviews_dag.py","logger":"airflow.models.dagbag.DagBag"}
{"timestamp":"2025-08-10T23:42:32.947038","level":"info","event":"Filling up the DagBag from /opt/airflow/dags/process_kindle_reviews_dag.py","logger":"airflow.models.dagbag.DagBag"}
{"timestamp":"2025-08-10T23:43:15.737650","level":"info","event":"Filling up the DagBag from /opt/airflow/dags/process_kindle_reviews_dag.py","logger":"airflow.models.dagbag.DagBag"}
{"timestamp":"2025-08-10T23:43:47.526237","level":"info","event":"Filling up the DagBag from /opt/airflow/dags/process_kindle_reviews_dag.py","logger":"airflow.models.dagbag.DagBag"}
{"timestamp":"2025-08-10T23:44:36.250316","level":"info","event":"Filling up the DagBag from /opt/airflow/dags/process_kindle_reviews_dag.py","logger":"airflow.models.dagbag.DagBag"}
{"timestamp":"2025-08-10T23:45:07.777067","level":"info","event":"Filling up the DagBag from /opt/airflow/dags/process_kindle_reviews_dag.py","logger":"airflow.models.dagbag.DagBag"}
{"timestamp":"2025-08-10T23:46:21.139014","level":"info","event":"Filling up the DagBag from /opt/airflow/dags/process_kindle_reviews_dag.py","logger":"airflow.models.dagbag.DagBag"}
{"timestamp":"2025-08-10T23:46:52.703758","level":"info","event":"Filling up the DagBag from /opt/airflow/dags/process_kindle_reviews_dag.py","logger":"airflow.models.dagbag.DagBag"}
{"timestamp":"2025-08-10T23:47:51.995079","level":"info","event":"Filling up the DagBag from /opt/airflow/dags/process_kindle_reviews_dag.py","logger":"airflow.models.dagbag.DagBag"}
{"timestamp":"2025-08-10T23:48:23.508603","level":"info","event":"Filling up the DagBag from /opt/airflow/dags/process_kindle_reviews_dag.py","logger":"airflow.models.dagbag.DagBag"}
{"timestamp":"2025-08-10T23:49:03.642057","level":"info","event":"Filling up the DagBag from /opt/airflow/dags/process_kindle_reviews_dag.py","logger":"airflow.models.dagbag.DagBag"}
{"timestamp":"2025-08-10T23:49:35.173837","level":"info","event":"Filling up the DagBag from /opt/airflow/dags/process_kindle_reviews_dag.py","logger":"airflow.models.dagbag.DagBag"}
{"timestamp":"2025-08-10T23:51:01.720351","level":"info","event":"Filling up the DagBag from /opt/airflow/dags/process_kindle_reviews_dag.py","logger":"airflow.models.dagbag.DagBag"}
{"timestamp":"2025-08-10T23:51:33.492138","level":"info","event":"Filling up the DagBag from /opt/airflow/dags/process_kindle_reviews_dag.py","logger":"airflow.models.dagbag.DagBag"}
{"timestamp":"2025-08-10T23:52:54.773658","level":"info","event":"Filling up the DagBag from /opt/airflow/dags/process_kindle_reviews_dag.py","logger":"airflow.models.dagbag.DagBag"}
{"timestamp":"2025-08-10T23:53:26.836885","level":"info","event":"Filling up the DagBag from /opt/airflow/dags/process_kindle_reviews_dag.py","logger":"airflow.models.dagbag.DagBag"}
{"timestamp":"2025-08-10T23:54:22.058533","level":"info","event":"Filling up the DagBag from /opt/airflow/dags/process_kindle_reviews_dag.py","logger":"airflow.models.dagbag.DagBag"}
{"timestamp":"2025-08-10T23:54:53.889189","level":"info","event":"Filling up the DagBag from /opt/airflow/dags/process_kindle_reviews_dag.py","logger":"airflow.models.dagbag.DagBag"}
{"timestamp":"2025-08-10T23:56:20.827523","level":"info","event":"Filling up the DagBag from /opt/airflow/dags/process_kindle_reviews_dag.py","logger":"airflow.models.dagbag.DagBag"}
{"timestamp":"2025-08-10T23:56:52.169103","level":"info","event":"Filling up the DagBag from /opt/airflow/dags/process_kindle_reviews_dag.py","logger":"airflow.models.dagbag.DagBag"}
{"timestamp":"2025-08-10T23:58:27.034181","level":"info","event":"Filling up the DagBag from /opt/airflow/dags/process_kindle_reviews_dag.py","logger":"airflow.models.dagbag.DagBag"}
{"timestamp":"2025-08-10T23:58:58.337822","level":"info","event":"Filling up the DagBag from /opt/airflow/dags/process_kindle_reviews_dag.py","logger":"airflow.models.dagbag.DagBag"}
{"timestamp":"2025-08-10T23:59:39.716564","level":"info","event":"Filling up the DagBag from /opt/airflow/dags/process_kindle_reviews_dag.py","logger":"airflow.models.dagbag.DagBag"}
