{"timestamp":"2025-08-10T22:52:57.577147","level":"info","event":"DAG bundles loaded: dags-folder, example_dags","logger":"airflow.dag_processing.bundles.manager.DagBundlesManager"}
{"timestamp":"2025-08-10T22:52:57.587064","level":"info","event":"Filling up the DagBag from /home/airflow/.local/lib/python3.12/site-packages/airflow/example_dags/tutorial.py","logger":"airflow.models.dagbag.DagBag"}
{"timestamp":"2025-08-10T22:52:58.691585Z","level":"info","event":"Task instance is in running state","chan":"stdout","logger":"task"}
{"timestamp":"2025-08-10T22:52:58.697326Z","level":"info","event":" Previous state of the Task instance: TaskInstanceState.QUEUED","chan":"stdout","logger":"task"}
{"timestamp":"2025-08-10T22:52:58.698010Z","level":"info","event":"Current task name:templated","chan":"stdout","logger":"task"}
{"timestamp":"2025-08-10T22:52:58.698703Z","level":"info","event":"Dag name:tutorial","chan":"stdout","logger":"task"}
{"timestamp":"2025-08-10T22:52:58.699389Z","level":"info","event":"Task instance in success state","chan":"stdout","logger":"task"}
{"timestamp":"2025-08-10T22:52:58.701255Z","level":"info","event":" Previous state of the Task instance: TaskInstanceState.RUNNING","chan":"stdout","logger":"task"}
{"timestamp":"2025-08-10T22:52:58.702633Z","level":"info","event":"Task operator:<Task(BashOperator): templated>","chan":"stdout","logger":"task"}
{"timestamp":"2025-08-10T22:52:57.888547","level":"info","event":"Tmp dir root location: /tmp","logger":"airflow.task.hooks.airflow.providers.standard.hooks.subprocess.SubprocessHook"}
{"timestamp":"2025-08-10T22:52:57.904986","level":"info","event":"Running command: ['/usr/bin/bash', '-c', '\\n\\n    echo \"2025-08-10\"\\n    echo \"2025-08-17\"\\n\\n    echo \"2025-08-10\"\\n    echo \"2025-08-17\"\\n\\n    echo \"2025-08-10\"\\n    echo \"2025-08-17\"\\n\\n    echo \"2025-08-10\"\\n    echo \"2025-08-17\"\\n\\n    echo \"2025-08-10\"\\n    echo \"2025-08-17\"\\n']","logger":"airflow.task.hooks.airflow.providers.standard.hooks.subprocess.SubprocessHook"}
{"timestamp":"2025-08-10T22:52:58.019876","level":"info","event":"Output:","logger":"airflow.task.hooks.airflow.providers.standard.hooks.subprocess.SubprocessHook"}
{"timestamp":"2025-08-10T22:52:58.414814","level":"info","event":"2025-08-10","logger":"airflow.task.hooks.airflow.providers.standard.hooks.subprocess.SubprocessHook"}
{"timestamp":"2025-08-10T22:52:58.418035","level":"info","event":"2025-08-17","logger":"airflow.task.hooks.airflow.providers.standard.hooks.subprocess.SubprocessHook"}
{"timestamp":"2025-08-10T22:52:58.418378","level":"info","event":"2025-08-10","logger":"airflow.task.hooks.airflow.providers.standard.hooks.subprocess.SubprocessHook"}
{"timestamp":"2025-08-10T22:52:58.418959","level":"info","event":"2025-08-17","logger":"airflow.task.hooks.airflow.providers.standard.hooks.subprocess.SubprocessHook"}
{"timestamp":"2025-08-10T22:52:58.419194","level":"info","event":"2025-08-10","logger":"airflow.task.hooks.airflow.providers.standard.hooks.subprocess.SubprocessHook"}
{"timestamp":"2025-08-10T22:52:58.419465","level":"info","event":"2025-08-17","logger":"airflow.task.hooks.airflow.providers.standard.hooks.subprocess.SubprocessHook"}
{"timestamp":"2025-08-10T22:52:58.419851","level":"info","event":"2025-08-10","logger":"airflow.task.hooks.airflow.providers.standard.hooks.subprocess.SubprocessHook"}
{"timestamp":"2025-08-10T22:52:58.420165","level":"info","event":"2025-08-17","logger":"airflow.task.hooks.airflow.providers.standard.hooks.subprocess.SubprocessHook"}
{"timestamp":"2025-08-10T22:52:58.420509","level":"info","event":"2025-08-10","logger":"airflow.task.hooks.airflow.providers.standard.hooks.subprocess.SubprocessHook"}
{"timestamp":"2025-08-10T22:52:58.420741","level":"info","event":"2025-08-17","logger":"airflow.task.hooks.airflow.providers.standard.hooks.subprocess.SubprocessHook"}
{"timestamp":"2025-08-10T22:52:58.441805","level":"info","event":"Command exited with return code 0","logger":"airflow.task.hooks.airflow.providers.standard.hooks.subprocess.SubprocessHook"}
{"timestamp":"2025-08-10T22:52:58.453912","level":"info","event":"Pushing xcom","ti":"RuntimeTaskInstance(id=UUID('0198962f-78fa-7a29-989f-33df6e6b79e1'), task_id='templated', dag_id='tutorial', run_id='scheduled__2025-08-10T22:51:52.057350+00:00', try_number=1, map_index=-1, hostname='a2695e38ed6f', context_carrier={}, task=<Task(BashOperator): templated>, bundle_instance=LocalDagBundle(name=example_dags), max_tries=1, start_date=datetime.datetime(2025, 8, 10, 22, 52, 52, 576626, tzinfo=TzInfo(UTC)), end_date=None, state=<TaskInstanceState.RUNNING: 'running'>, is_mapped=False, rendered_map_index=None)","logger":"task"}
